latt
34.530000  0.000000  0.000000
0.000000  25.000000  0.000000
0.000000  0.000000  90.000000
fixPosH
0.130715  0.500000  0.641187  Mo
0.209454  0.500000  0.656884  Mo
0.288193  0.500000  0.672581  Mo
0.126778  0.500000  0.607176  Mo
0.205517  0.500000  0.622873  Mo
0.284256  0.500000  0.638570  Mo
0.362995  0.500000  0.654268  Mo
0.441734  0.500000  0.669965  Mo
0.122841  0.500000  0.573165  Mo
0.201580  0.500000  0.588862  Mo
0.280319  0.500000  0.604559  Mo
0.359058  0.500000  0.620257  Mo
0.437797  0.500000  0.635954  Mo
0.516536  0.500000  0.651651  Mo
0.595275  0.500000  0.667349  Mo
0.118904  0.500000  0.539154  Mo
0.197643  0.500000  0.554851  Mo
0.276382  0.500000  0.570548  Mo
0.355121  0.500000  0.586246  Mo
0.433860  0.500000  0.601943  Mo
0.512599  0.500000  0.617641  Mo
0.591338  0.500000  0.633338  Mo
0.670077  0.500000  0.649035  Mo
0.748816  0.500000  0.664733  Mo
0.114967  0.500000  0.505143  Mo
0.193706  0.500000  0.520840  Mo
0.272445  0.500000  0.536538  Mo
0.351184  0.500000  0.552235  Mo
0.429923  0.500000  0.567932  Mo
0.508662  0.500000  0.583630  Mo
0.587401  0.500000  0.599327  Mo
0.666140  0.500000  0.615024  Mo
0.744879  0.500000  0.630722  Mo
0.823619  0.500000  0.646419  Mo
0.902358  0.500000  0.662116  Mo
0.111030  0.500000  0.471132  Mo
0.189769  0.500000  0.486829  Mo
0.268508  0.500000  0.502527  Mo
0.347247  0.500000  0.518224  Mo
0.425986  0.500000  0.533921  Mo
0.504725  0.500000  0.549619  Mo
0.583464  0.500000  0.565316  Mo
0.662203  0.500000  0.581013  Mo
0.740943  0.500000  0.596711  Mo
0.819682  0.500000  0.612408  Mo
0.898421  0.500000  0.628105  Mo
0.977160  0.500000  0.643803  Mo
0.055899  0.500000  0.659500  Mo
0.107093  0.500000  0.437121  Mo
0.185832  0.500000  0.452818  Mo
0.264571  0.500000  0.468516  Mo
0.343310  0.500000  0.484213  Mo
0.422049  0.500000  0.499910  Mo
0.500788  0.500000  0.515608  Mo
0.579527  0.500000  0.531305  Mo
0.658266  0.500000  0.547002  Mo
0.737006  0.500000  0.562700  Mo
0.815745  0.500000  0.578397  Mo
0.894484  0.500000  0.594094  Mo
0.973223  0.500000  0.609792  Mo
0.051962  0.500000  0.625489  Mo
0.103156  0.500000  0.403110  Mo
0.181895  0.500000  0.418807  Mo
0.260634  0.500000  0.434505  Mo
0.339373  0.500000  0.450202  Mo
0.418112  0.500000  0.465899  Mo
0.496851  0.500000  0.481597  Mo
0.575590  0.500000  0.497294  Mo
0.654330  0.500000  0.512992  Mo
0.733069  0.500000  0.528689  Mo
0.811808  0.500000  0.544386  Mo
0.890547  0.500000  0.560084  Mo
0.969286  0.500000  0.575781  Mo
0.048025  0.500000  0.591478  Mo
0.099219  0.500000  0.369099  Mo
0.177958  0.500000  0.384797  Mo
0.256697  0.500000  0.400494  Mo
0.335436  0.500000  0.416191  Mo
0.414175  0.500000  0.431889  Mo
0.492914  0.500000  0.447586  Mo
0.571653  0.500000  0.463283  Mo
0.650393  0.500000  0.478981  Mo
0.729132  0.500000  0.494678  Mo
0.807871  0.500000  0.510375  Mo
0.886610  0.500000  0.526073  Mo
0.965349  0.500000  0.541770  Mo
0.044088  0.500000  0.557467  Mo
0.174021  0.500000  0.350786  Mo
0.252760  0.500000  0.366483  Mo
0.331499  0.500000  0.382180  Mo
0.410238  0.500000  0.397878  Mo
0.488977  0.500000  0.413575  Mo
0.567717  0.500000  0.429272  Mo
0.646456  0.500000  0.444970  Mo
0.725195  0.500000  0.460667  Mo
0.803934  0.500000  0.476364  Mo
0.882673  0.500000  0.492062  Mo
0.961412  0.500000  0.507759  Mo
0.040151  0.500000  0.523456  Mo
0.327562  0.500000  0.348169  Mo
0.406301  0.500000  0.363867  Mo
0.485041  0.500000  0.379564  Mo
0.563780  0.500000  0.395261  Mo
0.642519  0.500000  0.410959  Mo
0.721258  0.500000  0.426656  Mo
0.799997  0.500000  0.442353  Mo
0.878736  0.500000  0.458051  Mo
0.957475  0.500000  0.473748  Mo
0.036214  0.500000  0.489446  Mo
0.559843  0.500000  0.361251  Mo
0.638582  0.500000  0.376948  Mo
0.717321  0.500000  0.392645  Mo
0.796060  0.500000  0.408343  Mo
0.874799  0.500000  0.424040  Mo
0.953538  0.500000  0.439737  Mo
0.032277  0.500000  0.455435  Mo
0.713384  0.500000  0.358634  Mo
0.792123  0.500000  0.374332  Mo
0.870862  0.500000  0.390029  Mo
0.949601  0.500000  0.405726  Mo
0.028340  0.500000  0.421424  Mo
0.866925  0.500000  0.356018  Mo
0.945664  0.500000  0.371715  Mo
0.024403  0.500000  0.387413  Mo
0.020466  0.500000  0.353402  Mo
0.107107  0.435240  0.658628  S
0.103170  0.435240  0.624617  S
0.181910  0.435240  0.640314  S
0.260649  0.435240  0.656012  S
0.339388  0.435240  0.671709  S
0.099234  0.435240  0.590606  S
0.177973  0.435240  0.606303  S
0.256712  0.435240  0.622001  S
0.335451  0.435240  0.637698  S
0.414190  0.435240  0.653395  S
0.492929  0.435240  0.669093  S
0.095297  0.435240  0.556595  S
0.174036  0.435240  0.572292  S
0.252775  0.435240  0.587990  S
0.331514  0.435240  0.603687  S
0.410253  0.435240  0.619384  S
0.488992  0.435240  0.635082  S
0.567731  0.435240  0.650779  S
0.646470  0.435240  0.666476  S
0.091360  0.435240  0.522584  S
0.170099  0.435240  0.538281  S
0.248838  0.435240  0.553979  S
0.327577  0.435240  0.569676  S
0.406316  0.435240  0.585373  S
0.485055  0.435240  0.601071  S
0.563794  0.435240  0.616768  S
0.642533  0.435240  0.632466  S
0.721272  0.435240  0.648163  S
0.800011  0.435240  0.663860  S
0.087423  0.435240  0.488573  S
0.166162  0.435240  0.504271  S
0.244901  0.435240  0.519968  S
0.323640  0.435240  0.535665  S
0.402379  0.435240  0.551363  S
0.481118  0.435240  0.567060  S
0.559857  0.435240  0.582757  S
0.638596  0.435240  0.598455  S
0.717335  0.435240  0.614152  S
0.796074  0.435240  0.629849  S
0.874813  0.435240  0.645547  S
0.953553  0.435240  0.661244  S
0.083486  0.435240  0.454562  S
0.162225  0.435240  0.470260  S
0.240964  0.435240  0.485957  S
0.319703  0.435240  0.501654  S
0.398442  0.435240  0.517352  S
0.477181  0.435240  0.533049  S
0.555920  0.435240  0.548746  S
0.634659  0.435240  0.564444  S
0.713398  0.435240  0.580141  S
0.792137  0.435240  0.595838  S
0.870876  0.435240  0.611536  S
0.949616  0.435240  0.627233  S
0.028355  0.435240  0.642930  S
0.079549  0.435240  0.420551  S
0.158288  0.435240  0.436249  S
0.237027  0.435240  0.451946  S
0.315766  0.435240  0.467643  S
0.394505  0.435240  0.483341  S
0.473244  0.435240  0.499038  S
0.551983  0.435240  0.514735  S
0.630722  0.435240  0.530433  S
0.709461  0.435240  0.546130  S
0.788200  0.435240  0.561827  S
0.866940  0.435240  0.577525  S
0.945679  0.435240  0.593222  S
0.024418  0.435240  0.608920  S
0.075612  0.435240  0.386540  S
0.154351  0.435240  0.402238  S
0.233090  0.435240  0.417935  S
0.311829  0.435240  0.433632  S
0.390568  0.435240  0.449330  S
0.469307  0.435240  0.465027  S
0.548046  0.435240  0.480725  S
0.626785  0.435240  0.496422  S
0.705524  0.435240  0.512119  S
0.784263  0.435240  0.527817  S
0.863003  0.435240  0.543514  S
0.941742  0.435240  0.559211  S
0.020481  0.435240  0.574909  S
0.071675  0.435240  0.352530  S
0.150414  0.435240  0.368227  S
0.229153  0.435240  0.383924  S
0.307892  0.435240  0.399622  S
0.386631  0.435240  0.415319  S
0.465370  0.435240  0.431016  S
0.544109  0.435240  0.446714  S
0.622848  0.435240  0.462411  S
0.701587  0.435240  0.478108  S
0.780327  0.435240  0.493806  S
0.859066  0.435240  0.509503  S
0.937805  0.435240  0.525200  S
0.016544  0.435240  0.540898  S
0.225216  0.435240  0.349913  S
0.303955  0.435240  0.365611  S
0.382694  0.435240  0.381308  S
0.461433  0.435240  0.397005  S
0.540172  0.435240  0.412703  S
0.618911  0.435240  0.428400  S
0.697650  0.435240  0.444097  S
0.776390  0.435240  0.459795  S
0.855129  0.435240  0.475492  S
0.933868  0.435240  0.491189  S
0.012607  0.435240  0.506887  S
0.457496  0.435240  0.362994  S
0.536235  0.435240  0.378692  S
0.614974  0.435240  0.394389  S
0.693714  0.435240  0.410086  S
0.772453  0.435240  0.425784  S
0.851192  0.435240  0.441481  S
0.929931  0.435240  0.457178  S
0.008670  0.435240  0.472876  S
0.611038  0.435240  0.360378  S
0.689777  0.435240  0.376076  S
0.768516  0.435240  0.391773  S
0.847255  0.435240  0.407470  S
0.925994  0.435240  0.423168  S
0.004733  0.435240  0.438865  S
0.764579  0.435240  0.357762  S
0.843318  0.435240  0.373459  S
0.922057  0.435240  0.389157  S
0.000796  0.435240  0.404854  S
0.918120  0.435240  0.355146  S
0.996859  0.435240  0.370843  S
0.107107  0.564760  0.658628  S
0.103170  0.564760  0.624617  S
0.181910  0.564760  0.640314  S
0.260649  0.564760  0.656012  S
0.339388  0.564760  0.671709  S
0.099234  0.564760  0.590606  S
0.177973  0.564760  0.606303  S
0.256712  0.564760  0.622001  S
0.335451  0.564760  0.637698  S
0.414190  0.564760  0.653395  S
0.492929  0.564760  0.669093  S
0.095297  0.564760  0.556595  S
0.174036  0.564760  0.572292  S
0.252775  0.564760  0.587990  S
0.331514  0.564760  0.603687  S
0.410253  0.564760  0.619384  S
0.488992  0.564760  0.635082  S
0.567731  0.564760  0.650779  S
0.646470  0.564760  0.666476  S
0.091360  0.564760  0.522584  S
0.170099  0.564760  0.538281  S
0.248838  0.564760  0.553979  S
0.327577  0.564760  0.569676  S
0.406316  0.564760  0.585373  S
0.485055  0.564760  0.601071  S
0.563794  0.564760  0.616768  S
0.642533  0.564760  0.632466  S
0.721272  0.564760  0.648163  S
0.800011  0.564760  0.663860  S
0.087423  0.564760  0.488573  S
0.166162  0.564760  0.504271  S
0.244901  0.564760  0.519968  S
0.323640  0.564760  0.535665  S
0.402379  0.564760  0.551363  S
0.481118  0.564760  0.567060  S
0.559857  0.564760  0.582757  S
0.638596  0.564760  0.598455  S
0.717335  0.564760  0.614152  S
0.796074  0.564760  0.629849  S
0.874813  0.564760  0.645547  S
0.953553  0.564760  0.661244  S
0.083486  0.564760  0.454562  S
0.162225  0.564760  0.470260  S
0.240964  0.564760  0.485957  S
0.319703  0.564760  0.501654  S
0.398442  0.564760  0.517352  S
0.477181  0.564760  0.533049  S
0.555920  0.564760  0.548746  S
0.634659  0.564760  0.564444  S
0.713398  0.564760  0.580141  S
0.792137  0.564760  0.595838  S
0.870876  0.564760  0.611536  S
0.949616  0.564760  0.627233  S
0.028355  0.564760  0.642930  S
0.079549  0.564760  0.420551  S
0.158288  0.564760  0.436249  S
0.237027  0.564760  0.451946  S
0.315766  0.564760  0.467643  S
0.394505  0.564760  0.483341  S
0.473244  0.564760  0.499038  S
0.551983  0.564760  0.514735  S
0.630722  0.564760  0.530433  S
0.709461  0.564760  0.546130  S
0.788200  0.564760  0.561827  S
0.866940  0.564760  0.577525  S
0.945679  0.564760  0.593222  S
0.024418  0.564760  0.608920  S
0.075612  0.564760  0.386540  S
0.154351  0.564760  0.402238  S
0.233090  0.564760  0.417935  S
0.311829  0.564760  0.433632  S
0.390568  0.564760  0.449330  S
0.469307  0.564760  0.465027  S
0.548046  0.564760  0.480725  S
0.626785  0.564760  0.496422  S
0.705524  0.564760  0.512119  S
0.784263  0.564760  0.527817  S
0.863003  0.564760  0.543514  S
0.941742  0.564760  0.559211  S
0.020481  0.564760  0.574909  S
0.071675  0.564760  0.352530  S
0.150414  0.564760  0.368227  S
0.229153  0.564760  0.383924  S
0.307892  0.564760  0.399622  S
0.386631  0.564760  0.415319  S
0.465370  0.564760  0.431016  S
0.544109  0.564760  0.446714  S
0.622848  0.564760  0.462411  S
0.701587  0.564760  0.478108  S
0.780327  0.564760  0.493806  S
0.859066  0.564760  0.509503  S
0.937805  0.564760  0.525200  S
0.016544  0.564760  0.540898  S
0.225216  0.564760  0.349913  S
0.303955  0.564760  0.365611  S
0.382694  0.564760  0.381308  S
0.461433  0.564760  0.397005  S
0.540172  0.564760  0.412703  S
0.618911  0.564760  0.428400  S
0.697650  0.564760  0.444097  S
0.776390  0.564760  0.459795  S
0.855129  0.564760  0.475492  S
0.933868  0.564760  0.491189  S
0.012607  0.564760  0.506887  S
0.457496  0.564760  0.362994  S
0.536235  0.564760  0.378692  S
0.614974  0.564760  0.394389  S
0.693714  0.564760  0.410086  S
0.772453  0.564760  0.425784  S
0.851192  0.564760  0.441481  S
0.929931  0.564760  0.457178  S
0.008670  0.564760  0.472876  S
0.611038  0.564760  0.360378  S
0.689777  0.564760  0.376076  S
0.768516  0.564760  0.391773  S
0.847255  0.564760  0.407470  S
0.925994  0.564760  0.423168  S
0.004733  0.564760  0.438865  S
0.764579  0.564760  0.357762  S
0.843318  0.564760  0.373459  S
0.922057  0.564760  0.389157  S
0.000796  0.564760  0.404854  S
0.918120  0.564760  0.355146  S
0.996859  0.564760  0.370843  S
fixPosL
0.037401  0.500000  0.308799  Mo
0.112203  0.500000  0.327113  Mo
0.041338  0.500000  0.274788  Mo
0.116140  0.500000  0.293102  Mo
0.190942  0.500000  0.311415  Mo
0.265744  0.500000  0.329729  Mo
0.045275  0.500000  0.240777  Mo
0.120077  0.500000  0.259091  Mo
0.194879  0.500000  0.277404  Mo
0.269681  0.500000  0.295718  Mo
0.344483  0.500000  0.314032  Mo
0.419285  0.500000  0.332345  Mo
0.049212  0.500000  0.206766  Mo
0.124014  0.500000  0.225080  Mo
0.198816  0.500000  0.243393  Mo
0.273618  0.500000  0.261707  Mo
0.348420  0.500000  0.280021  Mo
0.423222  0.500000  0.298334  Mo
0.498024  0.500000  0.316648  Mo
0.572826  0.500000  0.334961  Mo
0.053148  0.500000  0.172755  Mo
0.127951  0.500000  0.191069  Mo
0.202753  0.500000  0.209383  Mo
0.277555  0.500000  0.227696  Mo
0.352357  0.500000  0.246010  Mo
0.427159  0.500000  0.264323  Mo
0.501961  0.500000  0.282637  Mo
0.576763  0.500000  0.300950  Mo
0.651565  0.500000  0.319264  Mo
0.726368  0.500000  0.337578  Mo
0.057085  0.500000  0.138744  Mo
0.131888  0.500000  0.157058  Mo
0.206690  0.500000  0.175372  Mo
0.281492  0.500000  0.193685  Mo
0.356294  0.500000  0.211999  Mo
0.431096  0.500000  0.230312  Mo
0.505898  0.500000  0.248626  Mo
0.580700  0.500000  0.266939  Mo
0.655502  0.500000  0.285253  Mo
0.730305  0.500000  0.303567  Mo
0.805107  0.500000  0.321880  Mo
0.061022  0.500000  0.104734  Mo
0.135825  0.500000  0.123047  Mo
0.210627  0.500000  0.141361  Mo
0.285429  0.500000  0.159674  Mo
0.360231  0.500000  0.177988  Mo
0.435033  0.500000  0.196301  Mo
0.509835  0.500000  0.214615  Mo
0.584637  0.500000  0.232929  Mo
0.659439  0.500000  0.251242  Mo
0.734242  0.500000  0.269556  Mo
0.809044  0.500000  0.287869  Mo
0.883846  0.500000  0.306183  Mo
0.958648  0.500000  0.324496  Mo
0.064959  0.500000  0.070723  Mo
0.139761  0.500000  0.089036  Mo
0.214564  0.500000  0.107350  Mo
0.289366  0.500000  0.125663  Mo
0.364168  0.500000  0.143977  Mo
0.438970  0.500000  0.162290  Mo
0.513772  0.500000  0.180604  Mo
0.588574  0.500000  0.198918  Mo
0.663376  0.500000  0.217231  Mo
0.738178  0.500000  0.235545  Mo
0.812981  0.500000  0.253858  Mo
0.887783  0.500000  0.272172  Mo
0.962585  0.500000  0.290485  Mo
0.068896  0.500000  0.036712  Mo
0.143698  0.500000  0.055025  Mo
0.218501  0.500000  0.073339  Mo
0.293303  0.500000  0.091652  Mo
0.368105  0.500000  0.109966  Mo
0.442907  0.500000  0.128280  Mo
0.517709  0.500000  0.146593  Mo
0.592511  0.500000  0.164907  Mo
0.667313  0.500000  0.183220  Mo
0.742115  0.500000  0.201534  Mo
0.816918  0.500000  0.219847  Mo
0.891720  0.500000  0.238161  Mo
0.966522  0.500000  0.256475  Mo
0.222438  0.500000  0.039328  Mo
0.297240  0.500000  0.057641  Mo
0.372042  0.500000  0.075955  Mo
0.446844  0.500000  0.094269  Mo
0.521646  0.500000  0.112582  Mo
0.596448  0.500000  0.130896  Mo
0.671250  0.500000  0.149209  Mo
0.746052  0.500000  0.167523  Mo
0.820854  0.500000  0.185837  Mo
0.895657  0.500000  0.204150  Mo
0.970459  0.500000  0.222464  Mo
0.301177  0.500000  0.023631  Mo
0.375979  0.500000  0.041944  Mo
0.450781  0.500000  0.060258  Mo
0.525583  0.500000  0.078571  Mo
0.600385  0.500000  0.096885  Mo
0.675187  0.500000  0.115198  Mo
0.749989  0.500000  0.133512  Mo
0.824791  0.500000  0.151826  Mo
0.899594  0.500000  0.170139  Mo
0.974396  0.500000  0.188453  Mo
0.454718  0.500000  0.026247  Mo
0.529520  0.500000  0.044560  Mo
0.604322  0.500000  0.062874  Mo
0.679124  0.500000  0.081188  Mo
0.753926  0.500000  0.099501  Mo
0.828728  0.500000  0.117815  Mo
0.903531  0.500000  0.136128  Mo
0.978333  0.500000  0.154442  Mo
0.608259  0.500000  0.028863  Mo
0.683061  0.500000  0.047177  Mo
0.757863  0.500000  0.065490  Mo
0.832665  0.500000  0.083804  Mo
0.907467  0.500000  0.102117  Mo
0.982270  0.500000  0.120431  Mo
0.761800  0.500000  0.031479  Mo
0.836602  0.500000  0.049793  Mo
0.911404  0.500000  0.068106  Mo
0.986207  0.500000  0.086420  Mo
0.915341  0.500000  0.034095  Mo
0.990144  0.500000  0.052409  Mo
0.009856  0.435240  0.325369  S
0.013793  0.435240  0.291358  S
0.088596  0.435240  0.309671  S
0.163398  0.435240  0.327985  S
0.017730  0.435240  0.257347  S
0.092533  0.435240  0.275660  S
0.167335  0.435240  0.293974  S
0.242137  0.435240  0.312288  S
0.316939  0.435240  0.330601  S
0.021667  0.435240  0.223336  S
0.096469  0.435240  0.241650  S
0.171272  0.435240  0.259963  S
0.246074  0.435240  0.278277  S
0.320876  0.435240  0.296590  S
0.395678  0.435240  0.314904  S
0.470480  0.435240  0.333217  S
0.025604  0.435240  0.189325  S
0.100406  0.435240  0.207639  S
0.175209  0.435240  0.225952  S
0.250011  0.435240  0.244266  S
0.324813  0.435240  0.262579  S
0.399615  0.435240  0.280893  S
0.474417  0.435240  0.299206  S
0.549219  0.435240  0.317520  S
0.624021  0.435240  0.335834  S
0.029541  0.435240  0.155314  S
0.104343  0.435240  0.173628  S
0.179146  0.435240  0.191941  S
0.253948  0.435240  0.210255  S
0.328750  0.435240  0.228568  S
0.403552  0.435240  0.246882  S
0.478354  0.435240  0.265196  S
0.553156  0.435240  0.283509  S
0.627958  0.435240  0.301823  S
0.702760  0.435240  0.320136  S
0.033478  0.435240  0.121303  S
0.108280  0.435240  0.139617  S
0.183082  0.435240  0.157930  S
0.257885  0.435240  0.176244  S
0.332687  0.435240  0.194557  S
0.407489  0.435240  0.212871  S
0.482291  0.435240  0.231185  S
0.557093  0.435240  0.249498  S
0.631895  0.435240  0.267812  S
0.706697  0.435240  0.286125  S
0.781499  0.435240  0.304439  S
0.856302  0.435240  0.322753  S
0.037415  0.435240  0.087292  S
0.112217  0.435240  0.105606  S
0.187019  0.435240  0.123919  S
0.261822  0.435240  0.142233  S
0.336624  0.435240  0.160547  S
0.411426  0.435240  0.178860  S
0.486228  0.435240  0.197174  S
0.561030  0.435240  0.215487  S
0.635832  0.435240  0.233801  S
0.710634  0.435240  0.252114  S
0.785436  0.435240  0.270428  S
0.860239  0.435240  0.288742  S
0.935041  0.435240  0.307055  S
0.041352  0.435240  0.053281  S
0.116154  0.435240  0.071595  S
0.190956  0.435240  0.089909  S
0.265758  0.435240  0.108222  S
0.340561  0.435240  0.126536  S
0.415363  0.435240  0.144849  S
0.490165  0.435240  0.163163  S
0.564967  0.435240  0.181476  S
0.639769  0.435240  0.199790  S
0.714571  0.435240  0.218104  S
0.789373  0.435240  0.236417  S
0.864175  0.435240  0.254731  S
0.938978  0.435240  0.273044  S
0.120091  0.435240  0.037584  S
0.194893  0.435240  0.055898  S
0.269695  0.435240  0.074211  S
0.344498  0.435240  0.092525  S
0.419300  0.435240  0.110838  S
0.494102  0.435240  0.129152  S
0.568904  0.435240  0.147465  S
0.643706  0.435240  0.165779  S
0.718508  0.435240  0.184093  S
0.793310  0.435240  0.202406  S
0.868112  0.435240  0.220720  S
0.942915  0.435240  0.239033  S
0.273632  0.435240  0.040200  S
0.348435  0.435240  0.058514  S
0.423237  0.435240  0.076827  S
0.498039  0.435240  0.095141  S
0.572841  0.435240  0.113455  S
0.647643  0.435240  0.131768  S
0.722445  0.435240  0.150082  S
0.797247  0.435240  0.168395  S
0.872049  0.435240  0.186709  S
0.946852  0.435240  0.205022  S
0.352371  0.435240  0.024503  S
0.427174  0.435240  0.042816  S
0.501976  0.435240  0.061130  S
0.576778  0.435240  0.079444  S
0.651580  0.435240  0.097757  S
0.726382  0.435240  0.116071  S
0.801184  0.435240  0.134384  S
0.875986  0.435240  0.152698  S
0.950788  0.435240  0.171011  S
0.505913  0.435240  0.027119  S
0.580715  0.435240  0.045433  S
0.655517  0.435240  0.063746  S
0.730319  0.435240  0.082060  S
0.805121  0.435240  0.100373  S
0.879923  0.435240  0.118687  S
0.954725  0.435240  0.137001  S
0.659454  0.435240  0.029735  S
0.734256  0.435240  0.048049  S
0.809058  0.435240  0.066362  S
0.883860  0.435240  0.084676  S
0.958662  0.435240  0.102990  S
0.812995  0.435240  0.032352  S
0.887797  0.435240  0.050665  S
0.962599  0.435240  0.068979  S
0.966536  0.435240  0.034968  S
0.009856  0.564760  0.325369  S
0.013793  0.564760  0.291358  S
0.088596  0.564760  0.309671  S
0.163398  0.564760  0.327985  S
0.017730  0.564760  0.257347  S
0.092533  0.564760  0.275660  S
0.167335  0.564760  0.293974  S
0.242137  0.564760  0.312288  S
0.316939  0.564760  0.330601  S
0.021667  0.564760  0.223336  S
0.096469  0.564760  0.241650  S
0.171272  0.564760  0.259963  S
0.246074  0.564760  0.278277  S
0.320876  0.564760  0.296590  S
0.395678  0.564760  0.314904  S
0.470480  0.564760  0.333217  S
0.025604  0.564760  0.189325  S
0.100406  0.564760  0.207639  S
0.175209  0.564760  0.225952  S
0.250011  0.564760  0.244266  S
0.324813  0.564760  0.262579  S
0.399615  0.564760  0.280893  S
0.474417  0.564760  0.299206  S
0.549219  0.564760  0.317520  S
0.624021  0.564760  0.335834  S
0.029541  0.564760  0.155314  S
0.104343  0.564760  0.173628  S
0.179146  0.564760  0.191941  S
0.253948  0.564760  0.210255  S
0.328750  0.564760  0.228568  S
0.403552  0.564760  0.246882  S
0.478354  0.564760  0.265196  S
0.553156  0.564760  0.283509  S
0.627958  0.564760  0.301823  S
0.702760  0.564760  0.320136  S
0.033478  0.564760  0.121303  S
0.108280  0.564760  0.139617  S
0.183082  0.564760  0.157930  S
0.257885  0.564760  0.176244  S
0.332687  0.564760  0.194557  S
0.407489  0.564760  0.212871  S
0.482291  0.564760  0.231185  S
0.557093  0.564760  0.249498  S
0.631895  0.564760  0.267812  S
0.706697  0.564760  0.286125  S
0.781499  0.564760  0.304439  S
0.856302  0.564760  0.322753  S
0.037415  0.564760  0.087292  S
0.112217  0.564760  0.105606  S
0.187019  0.564760  0.123919  S
0.261822  0.564760  0.142233  S
0.336624  0.564760  0.160547  S
0.411426  0.564760  0.178860  S
0.486228  0.564760  0.197174  S
0.561030  0.564760  0.215487  S
0.635832  0.564760  0.233801  S
0.710634  0.564760  0.252114  S
0.785436  0.564760  0.270428  S
0.860239  0.564760  0.288742  S
0.935041  0.564760  0.307055  S
0.041352  0.564760  0.053281  S
0.116154  0.564760  0.071595  S
0.190956  0.564760  0.089909  S
0.265758  0.564760  0.108222  S
0.340561  0.564760  0.126536  S
0.415363  0.564760  0.144849  S
0.490165  0.564760  0.163163  S
0.564967  0.564760  0.181476  S
0.639769  0.564760  0.199790  S
0.714571  0.564760  0.218104  S
0.789373  0.564760  0.236417  S
0.864175  0.564760  0.254731  S
0.938978  0.564760  0.273044  S
0.120091  0.564760  0.037584  S
0.194893  0.564760  0.055898  S
0.269695  0.564760  0.074211  S
0.344498  0.564760  0.092525  S
0.419300  0.564760  0.110838  S
0.494102  0.564760  0.129152  S
0.568904  0.564760  0.147465  S
0.643706  0.564760  0.165779  S
0.718508  0.564760  0.184093  S
0.793310  0.564760  0.202406  S
0.868112  0.564760  0.220720  S
0.942915  0.564760  0.239033  S
0.273632  0.564760  0.040200  S
0.348435  0.564760  0.058514  S
0.423237  0.564760  0.076827  S
0.498039  0.564760  0.095141  S
0.572841  0.564760  0.113455  S
0.647643  0.564760  0.131768  S
0.722445  0.564760  0.150082  S
0.797247  0.564760  0.168395  S
0.872049  0.564760  0.186709  S
0.946852  0.564760  0.205022  S
0.352371  0.564760  0.024503  S
0.427174  0.564760  0.042816  S
0.501976  0.564760  0.061130  S
0.576778  0.564760  0.079444  S
0.651580  0.564760  0.097757  S
0.726382  0.564760  0.116071  S
0.801184  0.564760  0.134384  S
0.875986  0.564760  0.152698  S
0.950788  0.564760  0.171011  S
0.505913  0.564760  0.027119  S
0.580715  0.564760  0.045433  S
0.655517  0.564760  0.063746  S
0.730319  0.564760  0.082060  S
0.805121  0.564760  0.100373  S
0.879923  0.564760  0.118687  S
0.954725  0.564760  0.137001  S
0.659454  0.564760  0.029735  S
0.734256  0.564760  0.048049  S
0.809058  0.564760  0.066362  S
0.883860  0.564760  0.084676  S
0.958662  0.564760  0.102990  S
0.812995  0.564760  0.032352  S
0.887797  0.564760  0.050665  S
0.962599  0.564760  0.068979  S
0.966536  0.564760  0.034968  S
buffPosH
buffPosL
optPos
0.489728  0.500000  0.349348  Mo
0.646917  0.500000  0.349957  Mo
0.894058  0.500000  0.335839  Mo
0.381392  0.435240  0.346643  S
0.535390  0.435240  0.345774  S
0.834226  0.435240  0.341891  S
0.771340  0.564760  0.333747  S
0.682642  0.564760  0.340313  S
0.835349  0.564760  0.341951  S
